#
# A fatal error has been detected by the Java Runtime Environment:
#
#  Internal Error (classFileParser.cpp:3494), pid=5820, tid=6072
#  Error: ShouldNotReachHere()
#
# JRE version: 6.0_31-b05
# Java VM: Java HotSpot(TM) Client VM (20.6-b01 mixed mode windows-x86 )
# If you would like to submit a bug report, please visit:
#   http://java.sun.com/webapps/bugreport/crash.jsp
#

---------------  T H R E A D  ---------------

Current thread (0x003f9800):  JavaThread "Unknown thread" [_thread_in_vm, id=6072, stack(0x00430000,0x00480000)]

Stack: [0x00430000,0x00480000],  sp=0x0047f86c,  free space=318k
Native frames: (J=compiled Java code, j=interpreted, Vv=VM code, C=native code)
V  [jvm.dll+0x1335ca]
V  [jvm.dll+0x12e57b]
V  [jvm.dll+0x1639e]
V  [jvm.dll+0x17bdf]
V  [jvm.dll+0x26cc5]
V  [jvm.dll+0x27506]
V  [jvm.dll+0x278b5]
V  [jvm.dll+0x27949]
V  [jvm.dll+0x27a0c]
V  [jvm.dll+0x27a8a]
V  [jvm.dll+0x27b6d]
V  [jvm.dll+0x27e39]
V  [jvm.dll+0x6c383]
V  [jvm.dll+0x6c75c]
V  [jvm.dll+0xf9b4c]
V  [jvm.dll+0x11848b]
V  [jvm.dll+0x9eb60]
C  [javaw.exe+0x1657]
C  [javaw.exe+0x1e2c]
C  [javaw.exe+0x8614]
C  [kernel32.dll+0x1339a]  BaseThreadInitThunk+0x12
C  [ntdll.dll+0x39ef2]  RtlInitializeExceptionChain+0x63
C  [ntdll.dll+0x39ec5]  RtlInitializeExceptionChain+0x36


---------------  P R O C E S S  ---------------

Java Threads: ( => current thread )

Other Threads:

=>0x003f9800 (exited) JavaThread "Unknown thread" [_thread_in_vm, id=6072, stack(0x00430000,0x00480000)]

VM state:not at safepoint (not fully initialized)

VM Mutex/Monitor currently owned by a thread: None

Dynamic libraries:
0x00400000 - 0x00425000 	C:\Program Files (x86)\Java\jre6\bin\javaw.exe
0x77150000 - 0x772d0000 	C:\WINDOWS\SysWOW64\ntdll.dll
0x75750000 - 0x75860000 	C:\WINDOWS\syswow64\kernel32.dll
0x764c0000 - 0x76506000 	C:\WINDOWS\syswow64\KERNELBASE.dll
0x74f50000 - 0x74ff0000 	C:\WINDOWS\syswow64\ADVAPI32.dll
0x74dc0000 - 0x74e6c000 	C:\WINDOWS\syswow64\msvcrt.dll
0x76cd0000 - 0x76ce9000 	C:\WINDOWS\SysWOW64\sechost.dll
0x76740000 - 0x76830000 	C:\WINDOWS\syswow64\RPCRT4.dll
0x74cb0000 - 0x74d10000 	C:\WINDOWS\syswow64\SspiCli.dll
0x74ca0000 - 0x74cac000 	C:\WINDOWS\syswow64\CRYPTBASE.dll
0x76bd0000 - 0x76cd0000 	C:\WINDOWS\syswow64\USER32.dll
0x76a30000 - 0x76ac0000 	C:\WINDOWS\syswow64\GDI32.dll
0x77120000 - 0x7712a000 	C:\WINDOWS\syswow64\LPK.dll
0x76ac0000 - 0x76b5d000 	C:\WINDOWS\syswow64\USP10.dll
0x74ef0000 - 0x74f50000 	C:\WINDOWS\system32\IMM32.DLL
0x75360000 - 0x7542c000 	C:\WINDOWS\syswow64\MSCTF.dll
0x74b70000 - 0x74b7e000 	C:\WINDOWS\system32\PGPmapih.dll
0x7c340000 - 0x7c396000 	C:\Program Files (x86)\Java\jre6\bin\msvcr71.dll
0x6d7f0000 - 0x6da9f000 	C:\Program Files (x86)\Java\jre6\bin\client\jvm.dll
0x724f0000 - 0x72522000 	C:\WINDOWS\system32\WINMM.dll
0x727d0000 - 0x7281c000 	C:\WINDOWS\system32\apphelp.dll
0x6d7a0000 - 0x6d7ac000 	C:\Program Files (x86)\Java\jre6\bin\verify.dll
0x6d320000 - 0x6d33f000 	C:\Program Files (x86)\Java\jre6\bin\java.dll
0x6d7e0000 - 0x6d7ef000 	C:\Program Files (x86)\Java\jre6\bin\zip.dll
0x76710000 - 0x76715000 	C:\WINDOWS\system32\PSAPI.DLL

VM Arguments:
jvm_args: -Dfile.encoding=Cp1252 -Xbootclasspath:C:\Users\I048574\Documents\_SAP\Dev\android-sdk\platforms\android-15\android.jar;C:\Users\I048574\Documents\_SAP\Dev\android-sdk\add-ons\addon-google_apis-google-15\libs\effects.jar;C:\Users\I048574\Documents\_SAP\Dev\android-sdk\add-ons\addon-google_apis-google-15\libs\usb.jar;C:\Users\I048574\Documents\_SAP\Dev\android-sdk\add-ons\addon-google_apis-google-15\libs\maps.jar 
java_command: pascal.expensetracker.objects.Persons
Launcher Type: SUN_STANDARD

Environment Variables:
PATH=C:/Program Files (x86)/Java/jre6/bin/client;C:/Program Files (x86)/Java/jre6/bin;C:/Program Files (x86)/Java/jre6/lib/i386;C:\WINDOWS\system32;C:\WINDOWS;C:\WINDOWS\System32\Wbem;C:\WINDOWS\System32\WindowsPowerShell\v1.0\;C:\Program Files (x86)\Microsoft Application Virtualization Client;c:\Program Files (x86)\Open Text\View\bin;C:\Program Files\ThinkPad\Bluetooth Software\;C:\Program Files\ThinkPad\Bluetooth Software\syswow64;C:\Program Files (x86)\Git\cmd;C:\Program Files\TortoiseGit\bin;C:\Users\I048574\Documents\_SAP\Dev\eclipse\eclipse_androidgoogle;
USERNAME=I048574
OS=Windows_NT
PROCESSOR_IDENTIFIER=Intel64 Family 6 Model 37 Stepping 5, GenuineIntel



---------------  S Y S T E M  ---------------

OS: Windows 7 , 64 bit Build 7601 Service Pack 1

CPU:total 4 (2 cores per cpu, 2 threads per core) family 6 model 37 stepping 5, cmov, cx8, fxsr, mmx, sse, sse2, sse3, ssse3, sse4.1, sse4.2, popcnt, ht

Memory: 4k page, physical 8244888k(4665160k free), swap 16795128k(12858692k free)

vm_info: Java HotSpot(TM) Client VM (20.6-b01) for windows-x86 JRE (1.6.0_31-b05), built on Feb  3 2012 18:44:09 by "java_re" with MS VC++ 7.1 (VS2003)

time: Mon Oct 01 23:53:19 2012
elapsed time: 0 seconds

