#
# A fatal error has been detected by the Java Runtime Environment:
#
#  Internal Error (classFileParser.cpp:3494), pid=6256, tid=6360
#  Error: ShouldNotReachHere()
#
# JRE version: 6.0_35-b10
# Java VM: Java HotSpot(TM) Client VM (20.10-b01 mixed mode windows-x86 )
# If you would like to submit a bug report, please visit:
#   http://java.sun.com/webapps/bugreport/crash.jsp
#

---------------  T H R E A D  ---------------

Current thread (0x00209800):  JavaThread "Unknown thread" [_thread_in_vm, id=6360, stack(0x00430000,0x00480000)]

Stack: [0x00430000,0x00480000],  sp=0x0047f86c,  free space=318k
Native frames: (J=compiled Java code, j=interpreted, Vv=VM code, C=native code)
V  [jvm.dll+0x133d0a]
V  [jvm.dll+0x12e9bb]
V  [jvm.dll+0x1648e]
V  [jvm.dll+0x17ccf]
V  [jvm.dll+0x26d75]
V  [jvm.dll+0x275b6]
V  [jvm.dll+0x27965]
V  [jvm.dll+0x279f9]
V  [jvm.dll+0x27abc]
V  [jvm.dll+0x27b3a]
V  [jvm.dll+0x27c1d]
V  [jvm.dll+0x27ee9]
V  [jvm.dll+0x6c5e3]
V  [jvm.dll+0x6c9bc]
V  [jvm.dll+0xf9f6c]
V  [jvm.dll+0x1188ab]
V  [jvm.dll+0x9ec70]
C  [javaw.exe+0x1657]
C  [javaw.exe+0x1e2c]
C  [javaw.exe+0x8614]
C  [kernel32.dll+0x1339a]  BaseThreadInitThunk+0x12
C  [ntdll.dll+0x39ef2]  RtlInitializeExceptionChain+0x63
C  [ntdll.dll+0x39ec5]  RtlInitializeExceptionChain+0x36


---------------  P R O C E S S  ---------------

Java Threads: ( => current thread )

Other Threads:

=>0x00209800 (exited) JavaThread "Unknown thread" [_thread_in_vm, id=6360, stack(0x00430000,0x00480000)]

VM state:not at safepoint (not fully initialized)

VM Mutex/Monitor currently owned by a thread: None

Dynamic libraries:
0x00400000 - 0x00425000 	C:\Program Files (x86)\Java\jre6\bin\javaw.exe
0x77770000 - 0x778f0000 	C:\WINDOWS\SysWOW64\ntdll.dll
0x769f0000 - 0x76b00000 	C:\WINDOWS\syswow64\kernel32.dll
0x76ea0000 - 0x76ee6000 	C:\WINDOWS\syswow64\KERNELBASE.dll
0x76ef0000 - 0x76f90000 	C:\WINDOWS\syswow64\ADVAPI32.dll
0x754c0000 - 0x7556c000 	C:\WINDOWS\syswow64\msvcrt.dll
0x76760000 - 0x76779000 	C:\WINDOWS\SysWOW64\sechost.dll
0x76ba0000 - 0x76c90000 	C:\WINDOWS\syswow64\RPCRT4.dll
0x752d0000 - 0x75330000 	C:\WINDOWS\syswow64\SspiCli.dll
0x752c0000 - 0x752cc000 	C:\WINDOWS\syswow64\CRYPTBASE.dll
0x76da0000 - 0x76ea0000 	C:\WINDOWS\syswow64\USER32.dll
0x76490000 - 0x76520000 	C:\WINDOWS\syswow64\GDI32.dll
0x76f90000 - 0x76f9a000 	C:\WINDOWS\syswow64\LPK.dll
0x76b00000 - 0x76b9d000 	C:\WINDOWS\syswow64\USP10.dll
0x75570000 - 0x755d0000 	C:\WINDOWS\system32\IMM32.DLL
0x762e0000 - 0x763ac000 	C:\WINDOWS\syswow64\MSCTF.dll
0x75190000 - 0x7519e000 	C:\WINDOWS\system32\PGPmapih.dll
0x7c340000 - 0x7c396000 	C:\Program Files (x86)\Java\jre6\bin\msvcr71.dll
0x6d7f0000 - 0x6da9f000 	C:\Program Files (x86)\Java\jre6\bin\client\jvm.dll
0x72920000 - 0x72952000 	C:\WINDOWS\system32\WINMM.dll
0x73120000 - 0x7316c000 	C:\WINDOWS\system32\apphelp.dll
0x6d7a0000 - 0x6d7ac000 	C:\Program Files (x86)\Java\jre6\bin\verify.dll
0x6d320000 - 0x6d33f000 	C:\Program Files (x86)\Java\jre6\bin\java.dll
0x6d7e0000 - 0x6d7ef000 	C:\Program Files (x86)\Java\jre6\bin\zip.dll
0x76520000 - 0x76525000 	C:\WINDOWS\system32\PSAPI.DLL

VM Arguments:
jvm_args: -Dfile.encoding=Cp1252 -Xbootclasspath:C:\Users\I048574\Documents\_SAP\Dev\android-sdk\platforms\android-15\android.jar;C:\Users\I048574\Documents\_SAP\Dev\android-sdk\add-ons\addon-google_apis-google-15\libs\effects.jar;C:\Users\I048574\Documents\_SAP\Dev\android-sdk\add-ons\addon-google_apis-google-15\libs\usb.jar;C:\Users\I048574\Documents\_SAP\Dev\android-sdk\add-ons\addon-google_apis-google-15\libs\maps.jar 
java_command: pascal.expensetracker.asynctasks.GetJSONObject
Launcher Type: SUN_STANDARD

Environment Variables:
PATH=C:/Program Files (x86)/Java/jre6/bin/client;C:/Program Files (x86)/Java/jre6/bin;C:/Program Files (x86)/Java/jre6/lib/i386;C:\WINDOWS\system32;C:\WINDOWS;C:\WINDOWS\System32\Wbem;C:\WINDOWS\System32\WindowsPowerShell\v1.0\;C:\Program Files (x86)\Microsoft Application Virtualization Client;c:\Program Files (x86)\Open Text\View\bin;C:\Program Files\ThinkPad\Bluetooth Software\;C:\Program Files\ThinkPad\Bluetooth Software\syswow64;C:\Program Files (x86)\Git\cmd;C:\Program Files\TortoiseGit\bin;C:\Users\I048574\Documents\_SAP\Dev\eclipse\eclipse_androidgoogle;
USERNAME=I048574
OS=Windows_NT
PROCESSOR_IDENTIFIER=Intel64 Family 6 Model 37 Stepping 5, GenuineIntel



---------------  S Y S T E M  ---------------

OS: Windows 7 , 64 bit Build 7601 Service Pack 1

CPU:total 4 (2 cores per cpu, 2 threads per core) family 6 model 37 stepping 5, cmov, cx8, fxsr, mmx, sse, sse2, sse3, ssse3, sse4.1, sse4.2, popcnt, ht

Memory: 4k page, physical 8244888k(5011780k free), swap 16795128k(13297880k free)

vm_info: Java HotSpot(TM) Client VM (20.10-b01) for windows-x86 JRE (1.6.0_35-b10), built on Aug 28 2012 17:31:51 by "java_re" with MS VC++ 7.1 (VS2003)

time: Sun Sep 30 23:34:50 2012
elapsed time: 0 seconds

