#
# A fatal error has been detected by the Java Runtime Environment:
#
#  Internal Error (classFileParser.cpp:3494), pid=8304, tid=7644
#  Error: ShouldNotReachHere()
#
# JRE version: 6.0_35-b10
# Java VM: Java HotSpot(TM) Client VM (20.10-b01 mixed mode windows-x86 )
# If you would like to submit a bug report, please visit:
#   http://java.sun.com/webapps/bugreport/crash.jsp
#

---------------  T H R E A D  ---------------

Current thread (0x001f9800):  JavaThread "Unknown thread" [_thread_in_vm, id=7644, stack(0x00240000,0x00290000)]

Stack: [0x00240000,0x00290000],  sp=0x0028f86c,  free space=318k
Native frames: (J=compiled Java code, j=interpreted, Vv=VM code, C=native code)
V  [jvm.dll+0x133d0a]
V  [jvm.dll+0x12e9bb]
V  [jvm.dll+0x1648e]
V  [jvm.dll+0x17ccf]
V  [jvm.dll+0x26d75]
V  [jvm.dll+0x275b6]
V  [jvm.dll+0x27965]
V  [jvm.dll+0x279f9]
V  [jvm.dll+0x27abc]
V  [jvm.dll+0x27b3a]
V  [jvm.dll+0x27c1d]
V  [jvm.dll+0x27ee9]
V  [jvm.dll+0x6c5e3]
V  [jvm.dll+0x6c9bc]
V  [jvm.dll+0xf9f6c]
V  [jvm.dll+0x1188ab]
V  [jvm.dll+0x9ec70]
C  [javaw.exe+0x1657]
C  [javaw.exe+0x1e2c]
C  [javaw.exe+0x8614]
C  [kernel32.dll+0x1339a]  BaseThreadInitThunk+0x12
C  [ntdll.dll+0x39ef2]  RtlInitializeExceptionChain+0x63
C  [ntdll.dll+0x39ec5]  RtlInitializeExceptionChain+0x36


---------------  P R O C E S S  ---------------

Java Threads: ( => current thread )

Other Threads:

=>0x001f9800 (exited) JavaThread "Unknown thread" [_thread_in_vm, id=7644, stack(0x00240000,0x00290000)]

VM state:not at safepoint (not fully initialized)

VM Mutex/Monitor currently owned by a thread: None

Dynamic libraries:
0x00400000 - 0x00425000 	C:\Program Files (x86)\Java\jre6\bin\javaw.exe
0x77680000 - 0x77800000 	C:\WINDOWS\SysWOW64\ntdll.dll
0x75550000 - 0x75660000 	C:\WINDOWS\syswow64\kernel32.dll
0x770a0000 - 0x770e6000 	C:\WINDOWS\syswow64\KERNELBASE.dll
0x754b0000 - 0x75550000 	C:\WINDOWS\syswow64\ADVAPI32.dll
0x75c90000 - 0x75d3c000 	C:\WINDOWS\syswow64\msvcrt.dll
0x76f80000 - 0x76f99000 	C:\WINDOWS\SysWOW64\sechost.dll
0x759a0000 - 0x75a90000 	C:\WINDOWS\syswow64\RPCRT4.dll
0x751e0000 - 0x75240000 	C:\WINDOWS\syswow64\SspiCli.dll
0x751d0000 - 0x751dc000 	C:\WINDOWS\syswow64\CRYPTBASE.dll
0x76fa0000 - 0x770a0000 	C:\WINDOWS\syswow64\USER32.dll
0x771c0000 - 0x77250000 	C:\WINDOWS\syswow64\GDI32.dll
0x75c40000 - 0x75c4a000 	C:\WINDOWS\syswow64\LPK.dll
0x76ee0000 - 0x76f7d000 	C:\WINDOWS\syswow64\USP10.dll
0x75ae0000 - 0x75b40000 	C:\WINDOWS\system32\IMM32.DLL
0x76080000 - 0x7614c000 	C:\WINDOWS\syswow64\MSCTF.dll
0x750a0000 - 0x750ae000 	C:\WINDOWS\system32\PGPmapih.dll
0x7c340000 - 0x7c396000 	C:\Program Files (x86)\Java\jre6\bin\msvcr71.dll
0x6d7f0000 - 0x6da9f000 	C:\Program Files (x86)\Java\jre6\bin\client\jvm.dll
0x72d70000 - 0x72da2000 	C:\WINDOWS\system32\WINMM.dll
0x73640000 - 0x7368c000 	C:\WINDOWS\system32\apphelp.dll
0x6d7a0000 - 0x6d7ac000 	C:\Program Files (x86)\Java\jre6\bin\verify.dll
0x6d320000 - 0x6d33f000 	C:\Program Files (x86)\Java\jre6\bin\java.dll
0x6d7e0000 - 0x6d7ef000 	C:\Program Files (x86)\Java\jre6\bin\zip.dll
0x77650000 - 0x77655000 	C:\WINDOWS\system32\PSAPI.DLL

VM Arguments:
jvm_args: -Dfile.encoding=Cp1252 -Xbootclasspath:C:\Users\I048574\Documents\_SAP\Dev\android-sdk\platforms\android-15\android.jar;C:\Users\I048574\Documents\_SAP\Dev\android-sdk\add-ons\addon-google_apis-google-15\libs\effects.jar;C:\Users\I048574\Documents\_SAP\Dev\android-sdk\add-ons\addon-google_apis-google-15\libs\usb.jar;C:\Users\I048574\Documents\_SAP\Dev\android-sdk\add-ons\addon-google_apis-google-15\libs\maps.jar 
java_command: pascal.expensetracker.objects.JoinedExpenses
Launcher Type: SUN_STANDARD

Environment Variables:
PATH=C:/Program Files (x86)/Java/jre6/bin/client;C:/Program Files (x86)/Java/jre6/bin;C:/Program Files (x86)/Java/jre6/lib/i386;C:\WINDOWS\system32;C:\WINDOWS;C:\WINDOWS\System32\Wbem;C:\WINDOWS\System32\WindowsPowerShell\v1.0\;C:\Program Files (x86)\Microsoft Application Virtualization Client;c:\Program Files (x86)\Open Text\View\bin;C:\Program Files\ThinkPad\Bluetooth Software\;C:\Program Files\ThinkPad\Bluetooth Software\syswow64;C:\Program Files\TortoiseGit\bin;C:\Program Files (x86)\Git\cmd;C:\Users\I048574\Documents\_SAP\Dev\eclipse\eclipse_androidgoogle;
USERNAME=I048574
OS=Windows_NT
PROCESSOR_IDENTIFIER=Intel64 Family 6 Model 37 Stepping 5, GenuineIntel



---------------  S Y S T E M  ---------------

OS: Windows 7 , 64 bit Build 7601 Service Pack 1

CPU:total 4 (2 cores per cpu, 2 threads per core) family 6 model 37 stepping 5, cmov, cx8, fxsr, mmx, sse, sse2, sse3, ssse3, sse4.1, sse4.2, popcnt, ht

Memory: 4k page, physical 8244888k(4714084k free), swap 16795128k(13285448k free)

vm_info: Java HotSpot(TM) Client VM (20.10-b01) for windows-x86 JRE (1.6.0_35-b10), built on Aug 28 2012 17:31:51 by "java_re" with MS VC++ 7.1 (VS2003)

time: Thu Sep 27 23:30:48 2012
elapsed time: 0 seconds

