#
# A fatal error has been detected by the Java Runtime Environment:
#
#  Internal Error (classFileParser.cpp:3494), pid=8420, tid=2588
#  Error: ShouldNotReachHere()
#
# JRE version: 6.0_31-b05
# Java VM: Java HotSpot(TM) Client VM (20.6-b01 mixed mode windows-x86 )
# If you would like to submit a bug report, please visit:
#   http://java.sun.com/webapps/bugreport/crash.jsp
#

---------------  T H R E A D  ---------------

Current thread (0x026f9c00):  JavaThread "Unknown thread" [_thread_in_vm, id=2588, stack(0x00380000,0x003d0000)]

Stack: [0x00380000,0x003d0000],  sp=0x003cf86c,  free space=318k
Native frames: (J=compiled Java code, j=interpreted, Vv=VM code, C=native code)
V  [jvm.dll+0x1335ca]
V  [jvm.dll+0x12e57b]
V  [jvm.dll+0x1639e]
V  [jvm.dll+0x17bdf]
V  [jvm.dll+0x26cc5]
V  [jvm.dll+0x27506]
V  [jvm.dll+0x278b5]
V  [jvm.dll+0x27949]
V  [jvm.dll+0x27a0c]
V  [jvm.dll+0x27a8a]
V  [jvm.dll+0x27b6d]
V  [jvm.dll+0x27e39]
V  [jvm.dll+0x6c383]
V  [jvm.dll+0x6c75c]
V  [jvm.dll+0xf9b4c]
V  [jvm.dll+0x11848b]
V  [jvm.dll+0x9eb60]
C  [javaw.exe+0x1657]
C  [javaw.exe+0x1e2c]
C  [javaw.exe+0x8614]
C  [kernel32.dll+0x1339a]  BaseThreadInitThunk+0x12
C  [ntdll.dll+0x39ef2]  RtlInitializeExceptionChain+0x63
C  [ntdll.dll+0x39ec5]  RtlInitializeExceptionChain+0x36


---------------  P R O C E S S  ---------------

Java Threads: ( => current thread )

Other Threads:

=>0x026f9c00 (exited) JavaThread "Unknown thread" [_thread_in_vm, id=2588, stack(0x00380000,0x003d0000)]

VM state:not at safepoint (not fully initialized)

VM Mutex/Monitor currently owned by a thread: None

Dynamic libraries:
0x00400000 - 0x00425000 	C:\Program Files (x86)\Java\jre6\bin\javaw.exe
0x77630000 - 0x777b0000 	C:\WINDOWS\SysWOW64\ntdll.dll
0x75320000 - 0x75430000 	C:\WINDOWS\syswow64\kernel32.dll
0x75f90000 - 0x75fd6000 	C:\WINDOWS\syswow64\KERNELBASE.dll
0x759d0000 - 0x75a70000 	C:\WINDOWS\syswow64\ADVAPI32.dll
0x75a80000 - 0x75b2c000 	C:\WINDOWS\syswow64\msvcrt.dll
0x75490000 - 0x754a9000 	C:\WINDOWS\SysWOW64\sechost.dll
0x75b30000 - 0x75c20000 	C:\WINDOWS\syswow64\RPCRT4.dll
0x75190000 - 0x751f0000 	C:\WINDOWS\syswow64\SspiCli.dll
0x75180000 - 0x7518c000 	C:\WINDOWS\syswow64\CRYPTBASE.dll
0x75220000 - 0x75320000 	C:\WINDOWS\syswow64\USER32.dll
0x75cc0000 - 0x75d50000 	C:\WINDOWS\syswow64\GDI32.dll
0x75c20000 - 0x75c2a000 	C:\WINDOWS\syswow64\LPK.dll
0x77190000 - 0x7722d000 	C:\WINDOWS\syswow64\USP10.dll
0x77130000 - 0x77190000 	C:\WINDOWS\system32\IMM32.DLL
0x77060000 - 0x7712c000 	C:\WINDOWS\syswow64\MSCTF.dll
0x73cf0000 - 0x73cfe000 	C:\WINDOWS\system32\PGPmapih.dll
0x7c340000 - 0x7c396000 	C:\Program Files (x86)\Java\jre6\bin\msvcr71.dll
0x6d7f0000 - 0x6da9f000 	C:\Program Files (x86)\Java\jre6\bin\client\jvm.dll
0x72ca0000 - 0x72cd2000 	C:\WINDOWS\system32\WINMM.dll
0x735f0000 - 0x7363c000 	C:\WINDOWS\system32\apphelp.dll
0x6d7a0000 - 0x6d7ac000 	C:\Program Files (x86)\Java\jre6\bin\verify.dll
0x6d320000 - 0x6d33f000 	C:\Program Files (x86)\Java\jre6\bin\java.dll
0x6d370000 - 0x6d399000 	C:\Program Files (x86)\Java\jre6\bin\jdwp.dll
0x6d690000 - 0x6d696000 	C:\Program Files (x86)\Java\jre6\bin\npt.dll
0x6d7e0000 - 0x6d7ef000 	C:\Program Files (x86)\Java\jre6\bin\zip.dll
0x75a70000 - 0x75a75000 	C:\WINDOWS\system32\PSAPI.DLL

VM Arguments:
jvm_args: -agentlib:jdwp=transport=dt_socket,suspend=y,address=localhost:53661 -Dfile.encoding=Cp1252 -Xbootclasspath:C:\Users\I048574\Documents\_SAP\Dev\android-sdk\platforms\android-15\android.jar;C:\Users\I048574\Documents\_SAP\Dev\android-sdk\add-ons\addon-google_apis-google-15\libs\effects.jar;C:\Users\I048574\Documents\_SAP\Dev\android-sdk\add-ons\addon-google_apis-google-15\libs\usb.jar;C:\Users\I048574\Documents\_SAP\Dev\android-sdk\add-ons\addon-google_apis-google-15\libs\maps.jar 
java_command: pascal.expensetracker.objects.Persons
Launcher Type: SUN_STANDARD

Environment Variables:
PATH=C:/Program Files (x86)/Java/jre6/bin/client;C:/Program Files (x86)/Java/jre6/bin;C:/Program Files (x86)/Java/jre6/lib/i386;C:\WINDOWS\system32;C:\WINDOWS;C:\WINDOWS\System32\Wbem;C:\WINDOWS\System32\WindowsPowerShell\v1.0\;C:\Program Files (x86)\Microsoft Application Virtualization Client;c:\Program Files (x86)\Open Text\View\bin;C:\Program Files\ThinkPad\Bluetooth Software\;C:\Program Files\ThinkPad\Bluetooth Software\syswow64;C:\Program Files (x86)\Git\cmd;C:\Program Files\TortoiseGit\bin;C:\Users\I048574\Documents\_SAP\Dev\eclipse\eclipse_androidgoogle;
USERNAME=I048574
OS=Windows_NT
PROCESSOR_IDENTIFIER=Intel64 Family 6 Model 37 Stepping 5, GenuineIntel



---------------  S Y S T E M  ---------------

OS: Windows 7 , 64 bit Build 7601 Service Pack 1

CPU:total 4 (2 cores per cpu, 2 threads per core) family 6 model 37 stepping 5, cmov, cx8, fxsr, mmx, sse, sse2, sse3, ssse3, sse4.1, sse4.2, popcnt, ht

Memory: 4k page, physical 8244888k(3985764k free), swap 16795128k(12412396k free)

vm_info: Java HotSpot(TM) Client VM (20.6-b01) for windows-x86 JRE (1.6.0_31-b05), built on Feb  3 2012 18:44:09 by "java_re" with MS VC++ 7.1 (VS2003)

time: Tue Oct 02 18:21:03 2012
elapsed time: 0 seconds

